nohup: ignoring input
=== run_to_200.sh — target >= 200 ===
logs: /home/antics/lateralus-lang/seed-repos/logs

[2026-04-22T15:15:48Z] cycle=1 code=114 t.l-lang=63 t.ltl=129 best=129 target=200
  publishing 40 repo(s): lateralus-advent lateralus-awesome lateralus-benchmarks-web lateralus-book lateralus-conf-2026 lateralus-faq lateralus-gh-action lateralus-gotchas lateralus-guide-async lateralus-guide-ffi lateralus-guide-laws lateralus-guide-types lateralus-homebrew-tap lateralus-idioms lateralus-koans-web lateralus-perf-notes lateralus-recipes lateralus-repl-docker lateralus-rosetta-web lateralus-scoop-bucket lateralus-security-notes lateralus-snippets-emacs lateralus-snippets-jetbrains lateralus-snippets-vim lateralus-tree-sitter ltl-2048 ltl-6502-emu ltl-8080-emu ltl-actor-demo ltl-aes-gcm ltl-argon2 ltl-ascii-art ltl-asn1 ltl-awk-like ltl-base64 ltl-basic-interp ltl-bench-harness ltl-bignum ltl-bloom-ds ltl-bmp-io 
  -> publish lateralus-advent
./run_to_200.sh: line 98: ./publish.sh: Permission denied
  (publish failed: lateralus-advent)
  -> publish lateralus-awesome
./run_to_200.sh: line 98: ./publish.sh: Permission denied
  (publish failed: lateralus-awesome)
  -> publish lateralus-benchmarks-web
./run_to_200.sh: line 98: ./publish.sh: Permission denied
  (publish failed: lateralus-benchmarks-web)
  -> publish lateralus-book
./run_to_200.sh: line 98: ./publish.sh: Permission denied
  (publish failed: lateralus-book)
  -> publish lateralus-conf-2026
./run_to_200.sh: line 98: ./publish.sh: Permission denied
  (publish failed: lateralus-conf-2026)
  -> publish lateralus-faq
./run_to_200.sh: line 98: ./publish.sh: Permission denied
  (publish failed: lateralus-faq)
  -> publish lateralus-gh-action
./run_to_200.sh: line 98: ./publish.sh: Permission denied
  (publish failed: lateralus-gh-action)
  -> publish lateralus-gotchas
./run_to_200.sh: line 98: ./publish.sh: Permission denied
  (publish failed: lateralus-gotchas)
  -> publish lateralus-guide-async
./run_to_200.sh: line 98: ./publish.sh: Permission denied
  (publish failed: lateralus-guide-async)
  -> publish lateralus-guide-ffi
./run_to_200.sh: line 98: ./publish.sh: Permission denied
  (publish failed: lateralus-guide-ffi)
  -> publish lateralus-guide-laws
./run_to_200.sh: line 98: ./publish.sh: Permission denied
  (publish failed: lateralus-guide-laws)
  -> publish lateralus-guide-types
./run_to_200.sh: line 98: ./publish.sh: Permission denied
  (publish failed: lateralus-guide-types)
  -> publish lateralus-homebrew-tap
./run_to_200.sh: line 98: ./publish.sh: Permission denied
  (publish failed: lateralus-homebrew-tap)
  -> publish lateralus-idioms
./run_to_200.sh: line 98: ./publish.sh: Permission denied
  (publish failed: lateralus-idioms)
  -> publish lateralus-koans-web
./run_to_200.sh: line 98: ./publish.sh: Permission denied
  (publish failed: lateralus-koans-web)
  -> publish lateralus-perf-notes
./run_to_200.sh: line 98: ./publish.sh: Permission denied
  (publish failed: lateralus-perf-notes)
  -> publish lateralus-recipes
./run_to_200.sh: line 98: ./publish.sh: Permission denied
  (publish failed: lateralus-recipes)
  -> publish lateralus-repl-docker
./run_to_200.sh: line 98: ./publish.sh: Permission denied
  (publish failed: lateralus-repl-docker)
  -> publish lateralus-rosetta-web
./run_to_200.sh: line 98: ./publish.sh: Permission denied
  (publish failed: lateralus-rosetta-web)
  -> publish lateralus-scoop-bucket
./run_to_200.sh: line 98: ./publish.sh: Permission denied
  (publish failed: lateralus-scoop-bucket)
  -> publish lateralus-security-notes
./run_to_200.sh: line 98: ./publish.sh: Permission denied
  (publish failed: lateralus-security-notes)
  -> publish lateralus-snippets-emacs
./run_to_200.sh: line 98: ./publish.sh: Permission denied
  (publish failed: lateralus-snippets-emacs)
  -> publish lateralus-snippets-jetbrains
./run_to_200.sh: line 98: ./publish.sh: Permission denied
  (publish failed: lateralus-snippets-jetbrains)
  -> publish lateralus-snippets-vim
./run_to_200.sh: line 98: ./publish.sh: Permission denied
  (publish failed: lateralus-snippets-vim)
  -> publish lateralus-tree-sitter
./run_to_200.sh: line 98: ./publish.sh: Permission denied
  (publish failed: lateralus-tree-sitter)
  -> publish ltl-2048
./run_to_200.sh: line 98: ./publish.sh: Permission denied
  (publish failed: ltl-2048)
  -> publish ltl-6502-emu
./run_to_200.sh: line 98: ./publish.sh: Permission denied
  (publish failed: ltl-6502-emu)
  -> publish ltl-8080-emu
./run_to_200.sh: line 98: ./publish.sh: Permission denied
  (publish failed: ltl-8080-emu)
  -> publish ltl-actor-demo
./run_to_200.sh: line 98: ./publish.sh: Permission denied
  (publish failed: ltl-actor-demo)
  -> publish ltl-aes-gcm
./run_to_200.sh: line 98: ./publish.sh: Permission denied
  (publish failed: ltl-aes-gcm)
  -> publish ltl-argon2
./run_to_200.sh: line 98: ./publish.sh: Permission denied
  (publish failed: ltl-argon2)
  -> publish ltl-ascii-art
./run_to_200.sh: line 98: ./publish.sh: Permission denied
  (publish failed: ltl-ascii-art)
  -> publish ltl-asn1
./run_to_200.sh: line 98: ./publish.sh: Permission denied
  (publish failed: ltl-asn1)
  -> publish ltl-awk-like
./run_to_200.sh: line 98: ./publish.sh: Permission denied
  (publish failed: ltl-awk-like)
  -> publish ltl-base64
./run_to_200.sh: line 98: ./publish.sh: Permission denied
  (publish failed: ltl-base64)
  -> publish ltl-basic-interp
./run_to_200.sh: line 98: ./publish.sh: Permission denied
  (publish failed: ltl-basic-interp)
  -> publish ltl-bench-harness
./run_to_200.sh: line 98: ./publish.sh: Permission denied
  (publish failed: ltl-bench-harness)
  -> publish ltl-bignum
./run_to_200.sh: line 98: ./publish.sh: Permission denied
  (publish failed: ltl-bignum)
  -> publish ltl-bloom-ds
./run_to_200.sh: line 98: ./publish.sh: Permission denied
  (publish failed: ltl-bloom-ds)
  -> publish ltl-bmp-io
./run_to_200.sh: line 98: ./publish.sh: Permission denied
  (publish failed: ltl-bmp-io)
  sleep 90s
[2026-04-22T15:17:52Z] cycle=2 code=114 t.l-lang=63 t.ltl=129 best=129 target=200
  publishing 40 repo(s): lateralus-advent lateralus-awesome lateralus-benchmarks-web lateralus-book lateralus-conf-2026 lateralus-faq lateralus-gh-action lateralus-gotchas lateralus-guide-async lateralus-guide-ffi lateralus-guide-laws lateralus-guide-types lateralus-homebrew-tap lateralus-idioms lateralus-koans-web lateralus-perf-notes lateralus-recipes lateralus-repl-docker lateralus-rosetta-web lateralus-scoop-bucket lateralus-security-notes lateralus-snippets-emacs lateralus-snippets-jetbrains lateralus-snippets-vim lateralus-tree-sitter ltl-2048 ltl-6502-emu ltl-8080-emu ltl-actor-demo ltl-aes-gcm ltl-argon2 ltl-ascii-art ltl-asn1 ltl-awk-like ltl-base64 ltl-basic-interp ltl-bench-harness ltl-bignum ltl-bloom-ds ltl-bmp-io 
  -> publish lateralus-advent
./run_to_200.sh: line 98: ./publish.sh: Permission denied
  (publish failed: lateralus-advent)
  -> publish lateralus-awesome
./run_to_200.sh: line 98: ./publish.sh: Permission denied
  (publish failed: lateralus-awesome)
  -> publish lateralus-benchmarks-web
./run_to_200.sh: line 98: ./publish.sh: Permission denied
  (publish failed: lateralus-benchmarks-web)
  -> publish lateralus-book
./run_to_200.sh: line 98: ./publish.sh: Permission denied
  (publish failed: lateralus-book)
  -> publish lateralus-conf-2026
./run_to_200.sh: line 98: ./publish.sh: Permission denied
  (publish failed: lateralus-conf-2026)
  -> publish lateralus-faq
./run_to_200.sh: line 98: ./publish.sh: Permission denied
  (publish failed: lateralus-faq)
  -> publish lateralus-gh-action
./run_to_200.sh: line 98: ./publish.sh: Permission denied
  (publish failed: lateralus-gh-action)
  -> publish lateralus-gotchas
./run_to_200.sh: line 98: ./publish.sh: Permission denied
  (publish failed: lateralus-gotchas)
  -> publish lateralus-guide-async
./run_to_200.sh: line 98: ./publish.sh: Permission denied
  (publish failed: lateralus-guide-async)
  -> publish lateralus-guide-ffi
./run_to_200.sh: line 98: ./publish.sh: Permission denied
  (publish failed: lateralus-guide-ffi)
  -> publish lateralus-guide-laws
./run_to_200.sh: line 98: ./publish.sh: Permission denied
  (publish failed: lateralus-guide-laws)
  -> publish lateralus-guide-types
./run_to_200.sh: line 98: ./publish.sh: Permission denied
  (publish failed: lateralus-guide-types)
  -> publish lateralus-homebrew-tap
./run_to_200.sh: line 98: ./publish.sh: Permission denied
  (publish failed: lateralus-homebrew-tap)
  -> publish lateralus-idioms
./run_to_200.sh: line 98: ./publish.sh: Permission denied
  (publish failed: lateralus-idioms)
  -> publish lateralus-koans-web
./run_to_200.sh: line 98: ./publish.sh: Permission denied
  (publish failed: lateralus-koans-web)
  -> publish lateralus-perf-notes
./run_to_200.sh: line 98: ./publish.sh: Permission denied
  (publish failed: lateralus-perf-notes)
  -> publish lateralus-recipes
./run_to_200.sh: line 98: ./publish.sh: Permission denied
  (publish failed: lateralus-recipes)
  -> publish lateralus-repl-docker
./run_to_200.sh: line 98: ./publish.sh: Permission denied
  (publish failed: lateralus-repl-docker)
  -> publish lateralus-rosetta-web
./run_to_200.sh: line 98: ./publish.sh: Permission denied
  (publish failed: lateralus-rosetta-web)
  -> publish lateralus-scoop-bucket
./run_to_200.sh: line 98: ./publish.sh: Permission denied
  (publish failed: lateralus-scoop-bucket)
  -> publish lateralus-security-notes
./run_to_200.sh: line 98: ./publish.sh: Permission denied
  (publish failed: lateralus-security-notes)
  -> publish lateralus-snippets-emacs
./run_to_200.sh: line 98: ./publish.sh: Permission denied
  (publish failed: lateralus-snippets-emacs)
  -> publish lateralus-snippets-jetbrains
./run_to_200.sh: line 98: ./publish.sh: Permission denied
  (publish failed: lateralus-snippets-jetbrains)
  -> publish lateralus-snippets-vim
./run_to_200.sh: line 98: ./publish.sh: Permission denied
  (publish failed: lateralus-snippets-vim)
  -> publish lateralus-tree-sitter
./run_to_200.sh: line 98: ./publish.sh: Permission denied
  (publish failed: lateralus-tree-sitter)
  -> publish ltl-2048
./run_to_200.sh: line 98: ./publish.sh: Permission denied
  (publish failed: ltl-2048)
  -> publish ltl-6502-emu
./run_to_200.sh: line 98: ./publish.sh: Permission denied
  (publish failed: ltl-6502-emu)
  -> publish ltl-8080-emu
./run_to_200.sh: line 98: ./publish.sh: Permission denied
  (publish failed: ltl-8080-emu)
  -> publish ltl-actor-demo
./run_to_200.sh: line 98: ./publish.sh: Permission denied
  (publish failed: ltl-actor-demo)
  -> publish ltl-aes-gcm
./run_to_200.sh: line 98: ./publish.sh: Permission denied
  (publish failed: ltl-aes-gcm)
  -> publish ltl-argon2
./run_to_200.sh: line 98: ./publish.sh: Permission denied
  (publish failed: ltl-argon2)
  -> publish ltl-ascii-art
./run_to_200.sh: line 98: ./publish.sh: Permission denied
  (publish failed: ltl-ascii-art)
  -> publish ltl-asn1
./run_to_200.sh: line 98: ./publish.sh: Permission denied
  (publish failed: ltl-asn1)
  -> publish ltl-awk-like
./run_to_200.sh: line 98: ./publish.sh: Permission denied
  (publish failed: ltl-awk-like)
  -> publish ltl-base64
./run_to_200.sh: line 98: ./publish.sh: Permission denied
  (publish failed: ltl-base64)
  -> publish ltl-basic-interp
./run_to_200.sh: line 98: ./publish.sh: Permission denied
  (publish failed: ltl-basic-interp)
  -> publish ltl-bench-harness
./run_to_200.sh: line 98: ./publish.sh: Permission denied
  (publish failed: ltl-bench-harness)
  -> publish ltl-bignum
./run_to_200.sh: line 98: ./publish.sh: Permission denied
  (publish failed: ltl-bignum)
  -> publish ltl-bloom-ds
./run_to_200.sh: line 98: ./publish.sh: Permission denied
  (publish failed: ltl-bloom-ds)
  -> publish ltl-bmp-io
./run_to_200.sh: line 98: ./publish.sh: Permission denied
  (publish failed: ltl-bmp-io)
  sleep 90s
[2026-04-22T15:19:54Z] cycle=3 code=114 t.l-lang=63 t.ltl=129 best=129 target=200
  publishing 40 repo(s): lateralus-advent lateralus-awesome lateralus-benchmarks-web lateralus-book lateralus-conf-2026 lateralus-faq lateralus-gh-action lateralus-gotchas lateralus-guide-async lateralus-guide-ffi lateralus-guide-laws lateralus-guide-types lateralus-homebrew-tap lateralus-idioms lateralus-koans-web lateralus-perf-notes lateralus-recipes lateralus-repl-docker lateralus-rosetta-web lateralus-scoop-bucket lateralus-security-notes lateralus-snippets-emacs lateralus-snippets-jetbrains lateralus-snippets-vim lateralus-tree-sitter ltl-2048 ltl-6502-emu ltl-8080-emu ltl-actor-demo ltl-aes-gcm ltl-argon2 ltl-ascii-art ltl-asn1 ltl-awk-like ltl-base64 ltl-basic-interp ltl-bench-harness ltl-bignum ltl-bloom-ds ltl-bmp-io 
  -> publish lateralus-advent

Verify language bar (wait ~15 min for Linguist cache):
  curl -s https://api.github.com/repos/bad-antics/<name>/languages | jq
  -> publish lateralus-awesome

Verify language bar (wait ~15 min for Linguist cache):
  curl -s https://api.github.com/repos/bad-antics/<name>/languages | jq
  -> publish lateralus-benchmarks-web

Verify language bar (wait ~15 min for Linguist cache):
  curl -s https://api.github.com/repos/bad-antics/<name>/languages | jq
  -> publish lateralus-book

Verify language bar (wait ~15 min for Linguist cache):
  curl -s https://api.github.com/repos/bad-antics/<name>/languages | jq
  -> publish lateralus-conf-2026

Verify language bar (wait ~15 min for Linguist cache):
  curl -s https://api.github.com/repos/bad-antics/<name>/languages | jq
  -> publish lateralus-faq

Verify language bar (wait ~15 min for Linguist cache):
  curl -s https://api.github.com/repos/bad-antics/<name>/languages | jq
  -> publish lateralus-gh-action

Verify language bar (wait ~15 min for Linguist cache):
  curl -s https://api.github.com/repos/bad-antics/<name>/languages | jq
  -> publish lateralus-gotchas

Verify language bar (wait ~15 min for Linguist cache):
  curl -s https://api.github.com/repos/bad-antics/<name>/languages | jq
  -> publish lateralus-guide-async

Verify language bar (wait ~15 min for Linguist cache):
  curl -s https://api.github.com/repos/bad-antics/<name>/languages | jq
  -> publish lateralus-guide-ffi

Verify language bar (wait ~15 min for Linguist cache):
  curl -s https://api.github.com/repos/bad-antics/<name>/languages | jq
  -> publish lateralus-guide-laws

Verify language bar (wait ~15 min for Linguist cache):
  curl -s https://api.github.com/repos/bad-antics/<name>/languages | jq
  -> publish lateralus-guide-types

Verify language bar (wait ~15 min for Linguist cache):
  curl -s https://api.github.com/repos/bad-antics/<name>/languages | jq
  -> publish lateralus-homebrew-tap

Verify language bar (wait ~15 min for Linguist cache):
  curl -s https://api.github.com/repos/bad-antics/<name>/languages | jq
  -> publish lateralus-idioms

Verify language bar (wait ~15 min for Linguist cache):
  curl -s https://api.github.com/repos/bad-antics/<name>/languages | jq
  -> publish lateralus-koans-web

Verify language bar (wait ~15 min for Linguist cache):
  curl -s https://api.github.com/repos/bad-antics/<name>/languages | jq
  -> publish lateralus-perf-notes

Verify language bar (wait ~15 min for Linguist cache):
  curl -s https://api.github.com/repos/bad-antics/<name>/languages | jq
  -> publish lateralus-recipes

Verify language bar (wait ~15 min for Linguist cache):
  curl -s https://api.github.com/repos/bad-antics/<name>/languages | jq
  -> publish lateralus-repl-docker

Verify language bar (wait ~15 min for Linguist cache):
  curl -s https://api.github.com/repos/bad-antics/<name>/languages | jq
  -> publish lateralus-rosetta-web

Verify language bar (wait ~15 min for Linguist cache):
  curl -s https://api.github.com/repos/bad-antics/<name>/languages | jq
  -> publish lateralus-scoop-bucket

Verify language bar (wait ~15 min for Linguist cache):
  curl -s https://api.github.com/repos/bad-antics/<name>/languages | jq
  -> publish lateralus-security-notes

Verify language bar (wait ~15 min for Linguist cache):
  curl -s https://api.github.com/repos/bad-antics/<name>/languages | jq
  -> publish lateralus-snippets-emacs

Verify language bar (wait ~15 min for Linguist cache):
  curl -s https://api.github.com/repos/bad-antics/<name>/languages | jq
  -> publish lateralus-snippets-jetbrains

Verify language bar (wait ~15 min for Linguist cache):
  curl -s https://api.github.com/repos/bad-antics/<name>/languages | jq
  -> publish lateralus-snippets-vim

Verify language bar (wait ~15 min for Linguist cache):
  curl -s https://api.github.com/repos/bad-antics/<name>/languages | jq
  -> publish lateralus-tree-sitter

Verify language bar (wait ~15 min for Linguist cache):
  curl -s https://api.github.com/repos/bad-antics/<name>/languages | jq
  -> publish ltl-2048

Verify language bar (wait ~15 min for Linguist cache):
  curl -s https://api.github.com/repos/bad-antics/<name>/languages | jq
  -> publish ltl-6502-emu

Verify language bar (wait ~15 min for Linguist cache):
  curl -s https://api.github.com/repos/bad-antics/<name>/languages | jq
  -> publish ltl-8080-emu

Verify language bar (wait ~15 min for Linguist cache):
  curl -s https://api.github.com/repos/bad-antics/<name>/languages | jq
  -> publish ltl-actor-demo

Verify language bar (wait ~15 min for Linguist cache):
  curl -s https://api.github.com/repos/bad-antics/<name>/languages | jq
  -> publish ltl-aes-gcm

Verify language bar (wait ~15 min for Linguist cache):
  curl -s https://api.github.com/repos/bad-antics/<name>/languages | jq
  -> publish ltl-argon2

Verify language bar (wait ~15 min for Linguist cache):
  curl -s https://api.github.com/repos/bad-antics/<name>/languages | jq
  -> publish ltl-ascii-art

Verify language bar (wait ~15 min for Linguist cache):
  curl -s https://api.github.com/repos/bad-antics/<name>/languages | jq
  -> publish ltl-asn1

Verify language bar (wait ~15 min for Linguist cache):
  curl -s https://api.github.com/repos/bad-antics/<name>/languages | jq
  -> publish ltl-awk-like

Verify language bar (wait ~15 min for Linguist cache):
  curl -s https://api.github.com/repos/bad-antics/<name>/languages | jq
  -> publish ltl-base64

Verify language bar (wait ~15 min for Linguist cache):
  curl -s https://api.github.com/repos/bad-antics/<name>/languages | jq
  -> publish ltl-basic-interp

Verify language bar (wait ~15 min for Linguist cache):
  curl -s https://api.github.com/repos/bad-antics/<name>/languages | jq
  -> publish ltl-bench-harness

Verify language bar (wait ~15 min for Linguist cache):
  curl -s https://api.github.com/repos/bad-antics/<name>/languages | jq
  -> publish ltl-bignum

Verify language bar (wait ~15 min for Linguist cache):
  curl -s https://api.github.com/repos/bad-antics/<name>/languages | jq
  -> publish ltl-bloom-ds

Verify language bar (wait ~15 min for Linguist cache):
  curl -s https://api.github.com/repos/bad-antics/<name>/languages | jq
  -> publish ltl-bmp-io

Verify language bar (wait ~15 min for Linguist cache):
  curl -s https://api.github.com/repos/bad-antics/<name>/languages | jq
  sleep 90s
[2026-04-22T15:25:15Z] cycle=4 code=114 t.l-lang=103 t.ltl=169 best=169 target=200
  publishing 20 repo(s): ltl-boids ltl-cat-plus ltl-cbor ltl-chacha20 ltl-chess-perft ltl-chip8-emu ltl-cms ltl-connect4 ltl-csp-demo ltl-cuckoo-filter ltl-decision-tree ltl-deflate-toy ltl-delaunay ltl-dhcp-probe ltl-diff ltl-du-plus ltl-ed25519 ltl-elf-read ltl-env-diff ltl-feature-flags 
  -> publish ltl-boids

Verify language bar (wait ~15 min for Linguist cache):
  curl -s https://api.github.com/repos/bad-antics/<name>/languages | jq
  -> publish ltl-cat-plus

Verify language bar (wait ~15 min for Linguist cache):
  curl -s https://api.github.com/repos/bad-antics/<name>/languages | jq
  -> publish ltl-cbor

Verify language bar (wait ~15 min for Linguist cache):
  curl -s https://api.github.com/repos/bad-antics/<name>/languages | jq
  -> publish ltl-chacha20

Verify language bar (wait ~15 min for Linguist cache):
  curl -s https://api.github.com/repos/bad-antics/<name>/languages | jq
  -> publish ltl-chess-perft

Verify language bar (wait ~15 min for Linguist cache):
  curl -s https://api.github.com/repos/bad-antics/<name>/languages | jq
  -> publish ltl-chip8-emu

Verify language bar (wait ~15 min for Linguist cache):
  curl -s https://api.github.com/repos/bad-antics/<name>/languages | jq
  -> publish ltl-cms

Verify language bar (wait ~15 min for Linguist cache):
  curl -s https://api.github.com/repos/bad-antics/<name>/languages | jq
  -> publish ltl-connect4

Verify language bar (wait ~15 min for Linguist cache):
  curl -s https://api.github.com/repos/bad-antics/<name>/languages | jq
  -> publish ltl-csp-demo

Verify language bar (wait ~15 min for Linguist cache):
  curl -s https://api.github.com/repos/bad-antics/<name>/languages | jq
  -> publish ltl-cuckoo-filter

Verify language bar (wait ~15 min for Linguist cache):
  curl -s https://api.github.com/repos/bad-antics/<name>/languages | jq
  -> publish ltl-decision-tree

Verify language bar (wait ~15 min for Linguist cache):
  curl -s https://api.github.com/repos/bad-antics/<name>/languages | jq
  -> publish ltl-deflate-toy

Verify language bar (wait ~15 min for Linguist cache):
  curl -s https://api.github.com/repos/bad-antics/<name>/languages | jq
  -> publish ltl-delaunay

Verify language bar (wait ~15 min for Linguist cache):
  curl -s https://api.github.com/repos/bad-antics/<name>/languages | jq
  -> publish ltl-dhcp-probe

Verify language bar (wait ~15 min for Linguist cache):
  curl -s https://api.github.com/repos/bad-antics/<name>/languages | jq
  -> publish ltl-diff

Verify language bar (wait ~15 min for Linguist cache):
  curl -s https://api.github.com/repos/bad-antics/<name>/languages | jq
  -> publish ltl-du-plus

Verify language bar (wait ~15 min for Linguist cache):
  curl -s https://api.github.com/repos/bad-antics/<name>/languages | jq
  -> publish ltl-ed25519

Verify language bar (wait ~15 min for Linguist cache):
  curl -s https://api.github.com/repos/bad-antics/<name>/languages | jq
  -> publish ltl-elf-read

Verify language bar (wait ~15 min for Linguist cache):
  curl -s https://api.github.com/repos/bad-antics/<name>/languages | jq
  -> publish ltl-env-diff

Verify language bar (wait ~15 min for Linguist cache):
  curl -s https://api.github.com/repos/bad-antics/<name>/languages | jq
  -> publish ltl-feature-flags

Verify language bar (wait ~15 min for Linguist cache):
  curl -s https://api.github.com/repos/bad-antics/<name>/languages | jq
  sleep 90s
[2026-04-22T15:29:11Z] cycle=5 code=114 t.l-lang=123 t.ltl=189 best=189 target=200
  publishing 5 repo(s): ltl-fenwick ltl-fft ltl-file-find ltl-fs-toy ltl-ftp-client 
  -> publish ltl-fenwick

Verify language bar (wait ~15 min for Linguist cache):
  curl -s https://api.github.com/repos/bad-antics/<name>/languages | jq
  -> publish ltl-fft

Verify language bar (wait ~15 min for Linguist cache):
  curl -s https://api.github.com/repos/bad-antics/<name>/languages | jq
  -> publish ltl-file-find

Verify language bar (wait ~15 min for Linguist cache):
  curl -s https://api.github.com/repos/bad-antics/<name>/languages | jq
  -> publish ltl-fs-toy

Verify language bar (wait ~15 min for Linguist cache):
  curl -s https://api.github.com/repos/bad-antics/<name>/languages | jq
  -> publish ltl-ftp-client

Verify language bar (wait ~15 min for Linguist cache):
  curl -s https://api.github.com/repos/bad-antics/<name>/languages | jq
  sleep 90s
[2026-04-22T15:31:41Z] cycle=6 code=114 t.l-lang=128 t.ltl=194 best=194 target=200
  publishing 5 repo(s): ltl-fuzz-mini ltl-gb-cpu ltl-gcd-ext ltl-gif-read ltl-git-reader 
  -> publish ltl-fuzz-mini

Verify language bar (wait ~15 min for Linguist cache):
  curl -s https://api.github.com/repos/bad-antics/<name>/languages | jq
  -> publish ltl-gb-cpu

Verify language bar (wait ~15 min for Linguist cache):
  curl -s https://api.github.com/repos/bad-antics/<name>/languages | jq
  -> publish ltl-gcd-ext

Verify language bar (wait ~15 min for Linguist cache):
  curl -s https://api.github.com/repos/bad-antics/<name>/languages | jq
  -> publish ltl-gif-read

Verify language bar (wait ~15 min for Linguist cache):
  curl -s https://api.github.com/repos/bad-antics/<name>/languages | jq
  -> publish ltl-git-reader

Verify language bar (wait ~15 min for Linguist cache):
  curl -s https://api.github.com/repos/bad-antics/<name>/languages | jq
  sleep 90s
[2026-04-22T15:34:14Z] cycle=7 code=114 t.l-lang=133 t.ltl=199 best=199 target=200
  publishing 5 repo(s): ltl-grep-color ltl-gzip-stream ltl-hex-dump ltl-hkdf ltl-hll 
  -> publish ltl-grep-color

Verify language bar (wait ~15 min for Linguist cache):
  curl -s https://api.github.com/repos/bad-antics/<name>/languages | jq
  -> publish ltl-gzip-stream

Verify language bar (wait ~15 min for Linguist cache):
  curl -s https://api.github.com/repos/bad-antics/<name>/languages | jq
  -> publish ltl-hex-dump

Verify language bar (wait ~15 min for Linguist cache):
  curl -s https://api.github.com/repos/bad-antics/<name>/languages | jq
  -> publish ltl-hkdf

Verify language bar (wait ~15 min for Linguist cache):
  curl -s https://api.github.com/repos/bad-antics/<name>/languages | jq
  -> publish ltl-hll

Verify language bar (wait ~15 min for Linguist cache):
  curl -s https://api.github.com/repos/bad-antics/<name>/languages | jq
  sleep 90s
[2026-04-22T15:36:41Z] cycle=8 code=114 t.l-lang=138 t.ltl=204 best=204 target=200
  >= 200  (1/2 consecutive)
  publishing 5 repo(s): ltl-hmac ltl-http2-lite ltl-init-tiny ltl-irc-bot ltl-jsonl 
  -> publish ltl-hmac

Verify language bar (wait ~15 min for Linguist cache):
  curl -s https://api.github.com/repos/bad-antics/<name>/languages | jq
  -> publish ltl-http2-lite

Verify language bar (wait ~15 min for Linguist cache):
  curl -s https://api.github.com/repos/bad-antics/<name>/languages | jq
  -> publish ltl-init-tiny

Verify language bar (wait ~15 min for Linguist cache):
  curl -s https://api.github.com/repos/bad-antics/<name>/languages | jq
  -> publish ltl-irc-bot

Verify language bar (wait ~15 min for Linguist cache):
  curl -s https://api.github.com/repos/bad-antics/<name>/languages | jq
  -> publish ltl-jsonl

Verify language bar (wait ~15 min for Linguist cache):
  curl -s https://api.github.com/repos/bad-antics/<name>/languages | jq
  sleep 90s
[2026-04-22T15:39:06Z] cycle=9 code=129 t.l-lang=143 t.ltl=209 best=209 target=200
  >= 200  (2/2 consecutive)

=== TARGET CLEARED ===
target 200 reached on two consecutive polls.
total repos published this run: 160
