nohup: ignoring input
=== run_to_200.sh — target >= 300 ===
logs: /home/antics/lateralus-lang/seed-repos/logs

[2026-04-22T21:20:06Z] cycle=1 code=120 t.l-lang=143 t.ltl=209 best=209 target=300
  publishing 40 repo(s): ltl-kdtree ltl-kmeans ltl-knn ltl-langton-ant ltl-ldap-query ltl-lenia ltl-less-clone ltl-lex-gen ltl-linreg ltl-linsolve ltl-log-lib ltl-logreg ltl-lz77 ltl-mandelbrot ltl-matrix ltl-md2html ltl-memalloc-demo ltl-merkle ltl-mersenne-prp ltl-midi-parse ltl-mini-shell ltl-mpsc-queue ltl-msgpack ltl-naive-bayes ltl-ntp-client ltl-ode-rk4 ltl-otp ltl-patch ltl-pbkdf2 ltl-pca ltl-pcap-read ltl-pdf-text ltl-peephole ltl-pem-read ltl-perceptron ltl-perlin ltl-ping-tool ltl-png-read ltl-pong ltl-pratt-parse 
  -> publish ltl-kdtree

Verify language bar (wait ~15 min for Linguist cache):
  curl -s https://api.github.com/repos/bad-antics/<name>/languages | jq
  -> publish ltl-kmeans

Verify language bar (wait ~15 min for Linguist cache):
  curl -s https://api.github.com/repos/bad-antics/<name>/languages | jq
  -> publish ltl-knn

Verify language bar (wait ~15 min for Linguist cache):
  curl -s https://api.github.com/repos/bad-antics/<name>/languages | jq
  -> publish ltl-langton-ant

Verify language bar (wait ~15 min for Linguist cache):
  curl -s https://api.github.com/repos/bad-antics/<name>/languages | jq
  -> publish ltl-ldap-query

Verify language bar (wait ~15 min for Linguist cache):
  curl -s https://api.github.com/repos/bad-antics/<name>/languages | jq
  -> publish ltl-lenia

Verify language bar (wait ~15 min for Linguist cache):
  curl -s https://api.github.com/repos/bad-antics/<name>/languages | jq
  -> publish ltl-less-clone

Verify language bar (wait ~15 min for Linguist cache):
  curl -s https://api.github.com/repos/bad-antics/<name>/languages | jq
  -> publish ltl-lex-gen

Verify language bar (wait ~15 min for Linguist cache):
  curl -s https://api.github.com/repos/bad-antics/<name>/languages | jq
  -> publish ltl-linreg

Verify language bar (wait ~15 min for Linguist cache):
  curl -s https://api.github.com/repos/bad-antics/<name>/languages | jq
  -> publish ltl-linsolve

Verify language bar (wait ~15 min for Linguist cache):
  curl -s https://api.github.com/repos/bad-antics/<name>/languages | jq
  -> publish ltl-log-lib

Verify language bar (wait ~15 min for Linguist cache):
  curl -s https://api.github.com/repos/bad-antics/<name>/languages | jq
  -> publish ltl-logreg

Verify language bar (wait ~15 min for Linguist cache):
  curl -s https://api.github.com/repos/bad-antics/<name>/languages | jq
  -> publish ltl-lz77

Verify language bar (wait ~15 min for Linguist cache):
  curl -s https://api.github.com/repos/bad-antics/<name>/languages | jq
  -> publish ltl-mandelbrot

Verify language bar (wait ~15 min for Linguist cache):
  curl -s https://api.github.com/repos/bad-antics/<name>/languages | jq
  -> publish ltl-matrix

Verify language bar (wait ~15 min for Linguist cache):
  curl -s https://api.github.com/repos/bad-antics/<name>/languages | jq
  -> publish ltl-md2html

Verify language bar (wait ~15 min for Linguist cache):
  curl -s https://api.github.com/repos/bad-antics/<name>/languages | jq
  -> publish ltl-memalloc-demo

Verify language bar (wait ~15 min for Linguist cache):
  curl -s https://api.github.com/repos/bad-antics/<name>/languages | jq
  -> publish ltl-merkle

Verify language bar (wait ~15 min for Linguist cache):
  curl -s https://api.github.com/repos/bad-antics/<name>/languages | jq
  -> publish ltl-mersenne-prp

Verify language bar (wait ~15 min for Linguist cache):
  curl -s https://api.github.com/repos/bad-antics/<name>/languages | jq
  -> publish ltl-midi-parse

Verify language bar (wait ~15 min for Linguist cache):
  curl -s https://api.github.com/repos/bad-antics/<name>/languages | jq
  -> publish ltl-mini-shell

Verify language bar (wait ~15 min for Linguist cache):
  curl -s https://api.github.com/repos/bad-antics/<name>/languages | jq
  -> publish ltl-mpsc-queue

Verify language bar (wait ~15 min for Linguist cache):
  curl -s https://api.github.com/repos/bad-antics/<name>/languages | jq
  -> publish ltl-msgpack

Verify language bar (wait ~15 min for Linguist cache):
  curl -s https://api.github.com/repos/bad-antics/<name>/languages | jq
  -> publish ltl-naive-bayes

Verify language bar (wait ~15 min for Linguist cache):
  curl -s https://api.github.com/repos/bad-antics/<name>/languages | jq
  -> publish ltl-ntp-client

Verify language bar (wait ~15 min for Linguist cache):
  curl -s https://api.github.com/repos/bad-antics/<name>/languages | jq
  -> publish ltl-ode-rk4

Verify language bar (wait ~15 min for Linguist cache):
  curl -s https://api.github.com/repos/bad-antics/<name>/languages | jq
  -> publish ltl-otp

Verify language bar (wait ~15 min for Linguist cache):
  curl -s https://api.github.com/repos/bad-antics/<name>/languages | jq
  -> publish ltl-patch

Verify language bar (wait ~15 min for Linguist cache):
  curl -s https://api.github.com/repos/bad-antics/<name>/languages | jq
  -> publish ltl-pbkdf2

Verify language bar (wait ~15 min for Linguist cache):
  curl -s https://api.github.com/repos/bad-antics/<name>/languages | jq
  -> publish ltl-pca

Verify language bar (wait ~15 min for Linguist cache):
  curl -s https://api.github.com/repos/bad-antics/<name>/languages | jq
  -> publish ltl-pcap-read

Verify language bar (wait ~15 min for Linguist cache):
  curl -s https://api.github.com/repos/bad-antics/<name>/languages | jq
  -> publish ltl-pdf-text

Verify language bar (wait ~15 min for Linguist cache):
  curl -s https://api.github.com/repos/bad-antics/<name>/languages | jq
  -> publish ltl-peephole

Verify language bar (wait ~15 min for Linguist cache):
  curl -s https://api.github.com/repos/bad-antics/<name>/languages | jq
  -> publish ltl-pem-read

Verify language bar (wait ~15 min for Linguist cache):
  curl -s https://api.github.com/repos/bad-antics/<name>/languages | jq
  -> publish ltl-perceptron

Verify language bar (wait ~15 min for Linguist cache):
  curl -s https://api.github.com/repos/bad-antics/<name>/languages | jq
  -> publish ltl-perlin

Verify language bar (wait ~15 min for Linguist cache):
  curl -s https://api.github.com/repos/bad-antics/<name>/languages | jq
  -> publish ltl-ping-tool

Verify language bar (wait ~15 min for Linguist cache):
  curl -s https://api.github.com/repos/bad-antics/<name>/languages | jq
  -> publish ltl-png-read

Verify language bar (wait ~15 min for Linguist cache):
  curl -s https://api.github.com/repos/bad-antics/<name>/languages | jq
  -> publish ltl-pong

Verify language bar (wait ~15 min for Linguist cache):
  curl -s https://api.github.com/repos/bad-antics/<name>/languages | jq
  -> publish ltl-pratt-parse

Verify language bar (wait ~15 min for Linguist cache):
  curl -s https://api.github.com/repos/bad-antics/<name>/languages | jq
  sleep 75s
[2026-04-22T21:25:00Z] cycle=2 code=120 t.l-lang=183 t.ltl=249 best=249 target=300
  publishing 20 repo(s): lateralus-art lateralus-branding lateralus-cheatsheet lateralus-docker-ci lateralus-ebook lateralus-eurorave lateralus-gh-templates lateralus-interviews lateralus-katas lateralus-meetups lateralus-press-kit lateralus-puzzles lateralus-rfcs lateralus-roadmap-web lateralus-shaders lateralus-streaming lateralus-style-bot lateralus-survey-2026 lateralus-versions ltl-apache-parse 
  -> publish lateralus-art

Verify language bar (wait ~15 min for Linguist cache):
  curl -s https://api.github.com/repos/bad-antics/<name>/languages | jq
  -> publish lateralus-branding

Verify language bar (wait ~15 min for Linguist cache):
  curl -s https://api.github.com/repos/bad-antics/<name>/languages | jq
  -> publish lateralus-cheatsheet

Verify language bar (wait ~15 min for Linguist cache):
  curl -s https://api.github.com/repos/bad-antics/<name>/languages | jq
  -> publish lateralus-docker-ci

Verify language bar (wait ~15 min for Linguist cache):
  curl -s https://api.github.com/repos/bad-antics/<name>/languages | jq
  -> publish lateralus-ebook

Verify language bar (wait ~15 min for Linguist cache):
  curl -s https://api.github.com/repos/bad-antics/<name>/languages | jq
  -> publish lateralus-eurorave

Verify language bar (wait ~15 min for Linguist cache):
  curl -s https://api.github.com/repos/bad-antics/<name>/languages | jq
  -> publish lateralus-gh-templates

Verify language bar (wait ~15 min for Linguist cache):
  curl -s https://api.github.com/repos/bad-antics/<name>/languages | jq
  -> publish lateralus-interviews

Verify language bar (wait ~15 min for Linguist cache):
  curl -s https://api.github.com/repos/bad-antics/<name>/languages | jq
  -> publish lateralus-katas

Verify language bar (wait ~15 min for Linguist cache):
  curl -s https://api.github.com/repos/bad-antics/<name>/languages | jq
  -> publish lateralus-meetups

Verify language bar (wait ~15 min for Linguist cache):
  curl -s https://api.github.com/repos/bad-antics/<name>/languages | jq
  -> publish lateralus-press-kit

Verify language bar (wait ~15 min for Linguist cache):
  curl -s https://api.github.com/repos/bad-antics/<name>/languages | jq
  -> publish lateralus-puzzles

Verify language bar (wait ~15 min for Linguist cache):
  curl -s https://api.github.com/repos/bad-antics/<name>/languages | jq
  -> publish lateralus-rfcs

Verify language bar (wait ~15 min for Linguist cache):
  curl -s https://api.github.com/repos/bad-antics/<name>/languages | jq
  -> publish lateralus-roadmap-web

Verify language bar (wait ~15 min for Linguist cache):
  curl -s https://api.github.com/repos/bad-antics/<name>/languages | jq
  -> publish lateralus-shaders

Verify language bar (wait ~15 min for Linguist cache):
  curl -s https://api.github.com/repos/bad-antics/<name>/languages | jq
  -> publish lateralus-streaming

Verify language bar (wait ~15 min for Linguist cache):
  curl -s https://api.github.com/repos/bad-antics/<name>/languages | jq
  -> publish lateralus-style-bot

Verify language bar (wait ~15 min for Linguist cache):
  curl -s https://api.github.com/repos/bad-antics/<name>/languages | jq
  -> publish lateralus-survey-2026

Verify language bar (wait ~15 min for Linguist cache):
  curl -s https://api.github.com/repos/bad-antics/<name>/languages | jq
  -> publish lateralus-versions

Verify language bar (wait ~15 min for Linguist cache):
  curl -s https://api.github.com/repos/bad-antics/<name>/languages | jq
  -> publish ltl-apache-parse

Verify language bar (wait ~15 min for Linguist cache):
  curl -s https://api.github.com/repos/bad-antics/<name>/languages | jq
  sleep 75s
[2026-04-22T21:28:19Z] cycle=3 code=120 t.l-lang=203 t.ltl=269 best=269 target=300
  publishing 20 repo(s): ltl-apple2-emu ltl-astar-demo ltl-atari2600-cpu ltl-attention-toy ltl-avro-read ltl-backpressure ltl-bcrypt ltl-bencode ltl-bf-to-c ltl-black-scholes ltl-blake2 ltl-blake3 ltl-brainfck-jit ltl-btree-mem ltl-c64-basic-lite ltl-capabilities ltl-cgroup-read ltl-changelog-lint ltl-ci-emit ltl-cnn-demo 
  -> publish ltl-apple2-emu

Verify language bar (wait ~15 min for Linguist cache):
  curl -s https://api.github.com/repos/bad-antics/<name>/languages | jq
  -> publish ltl-astar-demo

Verify language bar (wait ~15 min for Linguist cache):
  curl -s https://api.github.com/repos/bad-antics/<name>/languages | jq
  -> publish ltl-atari2600-cpu

Verify language bar (wait ~15 min for Linguist cache):
  curl -s https://api.github.com/repos/bad-antics/<name>/languages | jq
  -> publish ltl-attention-toy

Verify language bar (wait ~15 min for Linguist cache):
  curl -s https://api.github.com/repos/bad-antics/<name>/languages | jq
  -> publish ltl-avro-read

Verify language bar (wait ~15 min for Linguist cache):
  curl -s https://api.github.com/repos/bad-antics/<name>/languages | jq
  -> publish ltl-backpressure

Verify language bar (wait ~15 min for Linguist cache):
  curl -s https://api.github.com/repos/bad-antics/<name>/languages | jq
  -> publish ltl-bcrypt

Verify language bar (wait ~15 min for Linguist cache):
  curl -s https://api.github.com/repos/bad-antics/<name>/languages | jq
  -> publish ltl-bencode

Verify language bar (wait ~15 min for Linguist cache):
  curl -s https://api.github.com/repos/bad-antics/<name>/languages | jq
  -> publish ltl-bf-to-c

Verify language bar (wait ~15 min for Linguist cache):
  curl -s https://api.github.com/repos/bad-antics/<name>/languages | jq
  -> publish ltl-black-scholes

Verify language bar (wait ~15 min for Linguist cache):
  curl -s https://api.github.com/repos/bad-antics/<name>/languages | jq
  -> publish ltl-blake2

Verify language bar (wait ~15 min for Linguist cache):
  curl -s https://api.github.com/repos/bad-antics/<name>/languages | jq
  -> publish ltl-blake3

Verify language bar (wait ~15 min for Linguist cache):
  curl -s https://api.github.com/repos/bad-antics/<name>/languages | jq
  -> publish ltl-brainfck-jit

Verify language bar (wait ~15 min for Linguist cache):
  curl -s https://api.github.com/repos/bad-antics/<name>/languages | jq
  -> publish ltl-btree-mem

Verify language bar (wait ~15 min for Linguist cache):
  curl -s https://api.github.com/repos/bad-antics/<name>/languages | jq
  -> publish ltl-c64-basic-lite

Verify language bar (wait ~15 min for Linguist cache):
  curl -s https://api.github.com/repos/bad-antics/<name>/languages | jq
  -> publish ltl-capabilities

Verify language bar (wait ~15 min for Linguist cache):
  curl -s https://api.github.com/repos/bad-antics/<name>/languages | jq
  -> publish ltl-cgroup-read

Verify language bar (wait ~15 min for Linguist cache):
  curl -s https://api.github.com/repos/bad-antics/<name>/languages | jq
  -> publish ltl-changelog-lint

Verify language bar (wait ~15 min for Linguist cache):
  curl -s https://api.github.com/repos/bad-antics/<name>/languages | jq
  -> publish ltl-ci-emit

Verify language bar (wait ~15 min for Linguist cache):
  curl -s https://api.github.com/repos/bad-antics/<name>/languages | jq
  -> publish ltl-cnn-demo

Verify language bar (wait ~15 min for Linguist cache):
  curl -s https://api.github.com/repos/bad-antics/<name>/languages | jq
  sleep 75s
[2026-04-22T21:31:39Z] cycle=4 code=120 t.l-lang=223 t.ltl=289 best=289 target=300
  publishing 5 repo(s): ltl-color-spaces ltl-commit-lint ltl-compose-expand ltl-cue-lite ltl-dda-line 
  -> publish ltl-color-spaces

Verify language bar (wait ~15 min for Linguist cache):
  curl -s https://api.github.com/repos/bad-antics/<name>/languages | jq
  -> publish ltl-commit-lint

Verify language bar (wait ~15 min for Linguist cache):
  curl -s https://api.github.com/repos/bad-antics/<name>/languages | jq
  -> publish ltl-compose-expand

Verify language bar (wait ~15 min for Linguist cache):
  curl -s https://api.github.com/repos/bad-antics/<name>/languages | jq
  -> publish ltl-cue-lite

Verify language bar (wait ~15 min for Linguist cache):
  curl -s https://api.github.com/repos/bad-antics/<name>/languages | jq
  -> publish ltl-dda-line

Verify language bar (wait ~15 min for Linguist cache):
  curl -s https://api.github.com/repos/bad-antics/<name>/languages | jq
  sleep 75s
[2026-04-22T21:33:47Z] cycle=5 code=120 t.l-lang=228 t.ltl=294 best=294 target=300
  publishing 5 repo(s): ltl-deadlock-detect ltl-dep-graph ltl-dna-stats ltl-dns-resolver ltl-dns-server 
  -> publish ltl-deadlock-detect

Verify language bar (wait ~15 min for Linguist cache):
  curl -s https://api.github.com/repos/bad-antics/<name>/languages | jq
  -> publish ltl-dep-graph

Verify language bar (wait ~15 min for Linguist cache):
  curl -s https://api.github.com/repos/bad-antics/<name>/languages | jq
  -> publish ltl-dna-stats

Verify language bar (wait ~15 min for Linguist cache):
  curl -s https://api.github.com/repos/bad-antics/<name>/languages | jq
  -> publish ltl-dns-resolver

Verify language bar (wait ~15 min for Linguist cache):
  curl -s https://api.github.com/repos/bad-antics/<name>/languages | jq
  -> publish ltl-dns-server

Verify language bar (wait ~15 min for Linguist cache):
  curl -s https://api.github.com/repos/bad-antics/<name>/languages | jq
  sleep 75s
[2026-04-22T21:36:01Z] cycle=6 code=120 t.l-lang=233 t.ltl=299 best=299 target=300
  publishing 5 repo(s): ltl-dockerfile-parse ltl-dot-render ltl-dsa-toy ltl-dtw ltl-edn 
  -> publish ltl-dockerfile-parse

Verify language bar (wait ~15 min for Linguist cache):
  curl -s https://api.github.com/repos/bad-antics/<name>/languages | jq
  -> publish ltl-dot-render

Verify language bar (wait ~15 min for Linguist cache):
  curl -s https://api.github.com/repos/bad-antics/<name>/languages | jq
  -> publish ltl-dsa-toy

Verify language bar (wait ~15 min for Linguist cache):
  curl -s https://api.github.com/repos/bad-antics/<name>/languages | jq
  -> publish ltl-dtw

Verify language bar (wait ~15 min for Linguist cache):
  curl -s https://api.github.com/repos/bad-antics/<name>/languages | jq
  -> publish ltl-edn

Verify language bar (wait ~15 min for Linguist cache):
  curl -s https://api.github.com/repos/bad-antics/<name>/languages | jq
  sleep 75s
[2026-04-22T21:38:07Z] cycle=7 code=120 t.l-lang=238 t.ltl=304 best=304 target=300
  >= 300  (1/2 consecutive)
  publishing 5 repo(s): ltl-epoll-demo ltl-fasta ltl-fastq ltl-finger ltl-fin-indicators 
  -> publish ltl-epoll-demo

Verify language bar (wait ~15 min for Linguist cache):
  curl -s https://api.github.com/repos/bad-antics/<name>/languages | jq
  -> publish ltl-fasta

Verify language bar (wait ~15 min for Linguist cache):
  curl -s https://api.github.com/repos/bad-antics/<name>/languages | jq
  -> publish ltl-fastq

Verify language bar (wait ~15 min for Linguist cache):
  curl -s https://api.github.com/repos/bad-antics/<name>/languages | jq
  -> publish ltl-finger

Verify language bar (wait ~15 min for Linguist cache):
  curl -s https://api.github.com/repos/bad-antics/<name>/languages | jq
  -> publish ltl-fin-indicators

Verify language bar (wait ~15 min for Linguist cache):
  curl -s https://api.github.com/repos/bad-antics/<name>/languages | jq
  sleep 75s
[2026-04-22T21:40:14Z] cycle=8 code=120 t.l-lang=243 t.ltl=309 best=309 target=300
  >= 300  (2/2 consecutive)

=== TARGET CLEARED ===
target 300 reached on two consecutive polls.
total repos published this run: 100
